[00:00:02] [Server thread/INFO] [net.minecraft.server.dedicated.DedicatedServer]: Lumi_uwu was slain by Scarlet Banshee  Lvl 2
[00:02:02] [Server thread/INFO] [net.minecraft.server.dedicated.DedicatedServer]: Octlopez04 was slain by Banshee  Lvl 2
[00:03:02] [Server thread/INFO] [net.minecraft.server.dedicated.DedicatedServer]: Lumi_uwu was slain by Wraamon  Lvl 2
[00:03:40] [Server thread/INFO] [net.minecraft.server.dedicated.DedicatedServer]: Lumi_uwu was slain by Octlopez04
[00:04:03] [Server thread/INFO] [net.minecraft.server.dedicated.DedicatedServer]: Octlopez04 was slain by Lumi_uwu
[00:07:26] [Server thread/INFO] [net.minecraft.server.dedicated.DedicatedServer]: Octlopez04 was slain by Darkling  Lvl 2
[00:07:27] [Server thread/INFO] [net.minecraft.server.dedicated.DedicatedServer]: Lumi_uwu was slain by Cave Spider
[00:07:59] [Server thread/INFO] [net.minecraft.server.dedicated.DedicatedServer]: Octlopez04 was slain by Cave Spider
[00:08:36] [Server thread/INFO] [net.minecraft.server.dedicated.DedicatedServer]: Octlopez04 was slain by Chupacabra  Lvl 2
[00:08:56] [Server thread/INFO] [net.minecraft.server.dedicated.DedicatedServer]: Octlopez04 was slain by Chupacabra  Lvl 2
[00:09:19] [Server thread/INFO] [net.minecraft.server.dedicated.DedicatedServer]: Octlopez04 was slain by Chupacabra  Lvl 2
[00:09:31] [Server thread/INFO] [net.minecraft.server.dedicated.DedicatedServer]: Octlopez04 was slain by Darkling  Lvl 2
[00:09:46] [Server thread/INFO] [net.minecraft.server.dedicated.DedicatedServer]: Octlopez04 was slain by Darkling  Lvl 2
[00:09:47] [Server thread/INFO] [net.minecraft.server.dedicated.DedicatedServer]: Lumi_uwu was slain by Darkling  Lvl 2
[00:10:11] [Server thread/INFO] [net.minecraft.server.dedicated.DedicatedServer]: Octlopez04 was slain by Zombie
[00:10:24] [Server thread/INFO] [net.minecraft.server.dedicated.DedicatedServer]: Octlopez04 was blown up by Creeper
[00:10:25] [Server thread/INFO] [net.minecraft.server.dedicated.DedicatedServer]: Lumi_uwu was slain by Chupacabra  Lvl 2
[00:10:41] [Server thread/INFO] [net.minecraft.server.dedicated.DedicatedServer]: Lumi_uwu was slain by Chupacabra  Lvl 2
[00:10:42] [Server thread/INFO] [net.minecraft.server.dedicated.DedicatedServer]: Octlopez04 was slain by Gnekk  Lvl 2
[00:10:59] [Server thread/INFO] [net.minecraft.server.dedicated.DedicatedServer]: Octlopez04 was slain by Gnekk  Lvl 2
[00:12:54] [Server thread/INFO] [net.minecraft.server.dedicated.DedicatedServer]: Lumi_uwu was blown up by Creeper
[00:13:32] [Server thread/INFO] [net.minecraft.server.dedicated.DedicatedServer]: Lumi_uwu was slain by Wraamon  Lvl 2
[00:13:40] [Server thread/INFO] [net.minecraft.server.dedicated.DedicatedServer]: Octlopez04 was slain by Banshee  Lvl 2
[00:13:47] [Server thread/INFO] [net.minecraft.server.dedicated.DedicatedServer]: Lumi_uwu was slain by Gnekk  Lvl 2
[00:14:06] [Server thread/INFO] [net.minecraft.server.dedicated.DedicatedServer]: Lumi_uwu was blown up by Creeper
[00:16:46] [Server thread/INFO] [net.minecraft.server.dedicated.DedicatedServer]: Lumi_uwu was doomed to fall by Kobold  Lvl 2
[00:17:05] [Server thread/INFO] [net.minecraft.server.dedicated.DedicatedServer]: Octlopez04 was slain by Gnekk  Lvl 2
[00:17:31] [Server thread/INFO] [net.minecraft.server.dedicated.DedicatedServer]: Octlopez04 was slain by Gnekk  Lvl 2
[00:18:13] [Server thread/INFO] [net.minecraft.server.dedicated.DedicatedServer]: Lumi_uwu was slain by Wraamon  Lvl 2
[00:18:25] [Server thread/INFO] [net.minecraft.server.dedicated.DedicatedServer]: Lumi_uwu was slain by Verdant Chupacabra  Lvl 2
[00:18:28] [Server thread/INFO] [net.minecraft.server.dedicated.DedicatedServer]: Octlopez04 was slain by Verdant Chupacabra  Lvl 2
[00:18:32] [Server thread/INFO] [net.minecraft.server.dedicated.DedicatedServer]: Lumi_uwu was slain by Verdant Chupacabra  Lvl 2
